
--- FATAL ERROR AT /api/profile/ ---
Traceback (most recent call last):
  File "/Users/santiago/Library/Mobile Documents/com~apple~CloudDocs/ITQ/NIVEL 3/BDD no Relacional/Proyecto Final/SportHub/venv/lib/python3.14/site-packages/asgiref/sync.py", line 557, in thread_handler
    raise exc_info[1]
  File "/Users/santiago/Library/Mobile Documents/com~apple~CloudDocs/ITQ/NIVEL 3/BDD no Relacional/Proyecto Final/SportHub/venv/lib/python3.14/site-packages/django/core/handlers/base.py", line 254, in _get_response_async
    response = await wrapped_callback(
               ^^^^^^^^^^^^^^^^^^^^^^^
        request, *callback_args, **callback_kwargs
        ^^^^^^^^^^^^^^^^^^^^^^^^^^^^^^^^^^^^^^^^^^
    )
    ^
  File "/Users/santiago/Library/Mobile Documents/com~apple~CloudDocs/ITQ/NIVEL 3/BDD no Relacional/Proyecto Final/SportHub/venv/lib/python3.14/site-packages/asgiref/sync.py", line 506, in __call__
    ret = await asyncio.shield(exec_coro)
          ^^^^^^^^^^^^^^^^^^^^^^^^^^^^^^^
  File "/Library/Frameworks/Python.framework/Versions/3.14/lib/python3.14/concurrent/futures/thread.py", line 86, in run
    result = ctx.run(self.task)
  File "/Library/Frameworks/Python.framework/Versions/3.14/lib/python3.14/concurrent/futures/thread.py", line 73, in run
    return fn(*args, **kwargs)
  File "/Users/santiago/Library/Mobile Documents/com~apple~CloudDocs/ITQ/NIVEL 3/BDD no Relacional/Proyecto Final/SportHub/venv/lib/python3.14/site-packages/asgiref/sync.py", line 561, in thread_handler
    return func(*args, **kwargs)
  File "/Users/santiago/Library/Mobile Documents/com~apple~CloudDocs/ITQ/NIVEL 3/BDD no Relacional/Proyecto Final/SportHub/venv/lib/python3.14/site-packages/django/views/decorators/csrf.py", line 65, in _view_wrapper
    return view_func(request, *args, **kwargs)
  File "/Users/santiago/Library/Mobile Documents/com~apple~CloudDocs/ITQ/NIVEL 3/BDD no Relacional/Proyecto Final/SportHub/venv/lib/python3.14/site-packages/django/views/generic/base.py", line 106, in view
    return self.dispatch(request, *args, **kwargs)
           ~~~~~~~~~~~~~^^^^^^^^^^^^^^^^^^^^^^^^^^
  File "/Users/santiago/Library/Mobile Documents/com~apple~CloudDocs/ITQ/NIVEL 3/BDD no Relacional/Proyecto Final/SportHub/venv/lib/python3.14/site-packages/rest_framework/views.py", line 515, in dispatch
    response = self.handle_exception(exc)
  File "/Users/santiago/Library/Mobile Documents/com~apple~CloudDocs/ITQ/NIVEL 3/BDD no Relacional/Proyecto Final/SportHub/venv/lib/python3.14/site-packages/rest_framework/views.py", line 475, in handle_exception
    self.raise_uncaught_exception(exc)
    ~~~~~~~~~~~~~~~~~~~~~~~~~~~~~^^^^^
  File "/Users/santiago/Library/Mobile Documents/com~apple~CloudDocs/ITQ/NIVEL 3/BDD no Relacional/Proyecto Final/SportHub/venv/lib/python3.14/site-packages/rest_framework/views.py", line 486, in raise_uncaught_exception
    raise exc
  File "/Users/santiago/Library/Mobile Documents/com~apple~CloudDocs/ITQ/NIVEL 3/BDD no Relacional/Proyecto Final/SportHub/venv/lib/python3.14/site-packages/rest_framework/views.py", line 512, in dispatch
    response = handler(request, *args, **kwargs)
  File "/Users/santiago/Library/Mobile Documents/com~apple~CloudDocs/ITQ/NIVEL 3/BDD no Relacional/Proyecto Final/SportHub/core/api/views.py", line 510, in get
    user_data['posts'] = PostSerializer(posts, many=True, context={'request': request}).data
                         ^^^^^^^^^^^^^^^^^^^^^^^^^^^^^^^^^^^^^^^^^^^^^^^^^^^^^^^^^^^^^^^^^^^
  File "/Users/santiago/Library/Mobile Documents/com~apple~CloudDocs/ITQ/NIVEL 3/BDD no Relacional/Proyecto Final/SportHub/venv/lib/python3.14/site-packages/rest_framework/serializers.py", line 809, in data
    ret = super().data
          ^^^^^^^^^^^^
  File "/Users/santiago/Library/Mobile Documents/com~apple~CloudDocs/ITQ/NIVEL 3/BDD no Relacional/Proyecto Final/SportHub/venv/lib/python3.14/site-packages/rest_framework/serializers.py", line 251, in data
    self._data = self.to_representation(self.instance)
                 ~~~~~~~~~~~~~~~~~~~~~~^^^^^^^^^^^^^^^
  File "/Users/santiago/Library/Mobile Documents/com~apple~CloudDocs/ITQ/NIVEL 3/BDD no Relacional/Proyecto Final/SportHub/venv/lib/python3.14/site-packages/rest_framework/serializers.py", line 728, in to_representation
    self.child.to_representation(item) for item in iterable
    ~~~~~~~~~~~~~~~~~~~~~~~~~~~~^^^^^^
  File "/Users/santiago/Library/Mobile Documents/com~apple~CloudDocs/ITQ/NIVEL 3/BDD no Relacional/Proyecto Final/SportHub/venv/lib/python3.14/site-packages/rest_framework/serializers.py", line 552, in to_representation
    ret[field.field_name] = field.to_representation(attribute)
                            ~~~~~~~~~~~~~~~~~~~~~~~^^^^^^^^^^^
  File "/Users/santiago/Library/Mobile Documents/com~apple~CloudDocs/ITQ/NIVEL 3/BDD no Relacional/Proyecto Final/SportHub/venv/lib/python3.14/site-packages/rest_framework/fields.py", line 1928, in to_representation
    method = getattr(self.parent, self.method_name)
AttributeError: 'PostSerializer' object has no attribute 'get_user_has_rated'
----------------------------------------

--- FATAL ERROR AT /api/feed/ ---
Traceback (most recent call last):
  File "/Users/santiago/Library/Mobile Documents/com~apple~CloudDocs/ITQ/NIVEL 3/BDD no Relacional/Proyecto Final/SportHub/venv/lib/python3.14/site-packages/asgiref/sync.py", line 557, in thread_handler
    raise exc_info[1]
  File "/Users/santiago/Library/Mobile Documents/com~apple~CloudDocs/ITQ/NIVEL 3/BDD no Relacional/Proyecto Final/SportHub/venv/lib/python3.14/site-packages/django/core/handlers/base.py", line 254, in _get_response_async
    response = await wrapped_callback(
               ^^^^^^^^^^^^^^^^^^^^^^^
        request, *callback_args, **callback_kwargs
        ^^^^^^^^^^^^^^^^^^^^^^^^^^^^^^^^^^^^^^^^^^
    )
    ^
  File "/Users/santiago/Library/Mobile Documents/com~apple~CloudDocs/ITQ/NIVEL 3/BDD no Relacional/Proyecto Final/SportHub/venv/lib/python3.14/site-packages/asgiref/sync.py", line 506, in __call__
    ret = await asyncio.shield(exec_coro)
          ^^^^^^^^^^^^^^^^^^^^^^^^^^^^^^^
  File "/Library/Frameworks/Python.framework/Versions/3.14/lib/python3.14/concurrent/futures/thread.py", line 86, in run
    result = ctx.run(self.task)
  File "/Library/Frameworks/Python.framework/Versions/3.14/lib/python3.14/concurrent/futures/thread.py", line 73, in run
    return fn(*args, **kwargs)
  File "/Users/santiago/Library/Mobile Documents/com~apple~CloudDocs/ITQ/NIVEL 3/BDD no Relacional/Proyecto Final/SportHub/venv/lib/python3.14/site-packages/asgiref/sync.py", line 561, in thread_handler
    return func(*args, **kwargs)
  File "/Users/santiago/Library/Mobile Documents/com~apple~CloudDocs/ITQ/NIVEL 3/BDD no Relacional/Proyecto Final/SportHub/venv/lib/python3.14/site-packages/django/views/decorators/csrf.py", line 65, in _view_wrapper
    return view_func(request, *args, **kwargs)
  File "/Users/santiago/Library/Mobile Documents/com~apple~CloudDocs/ITQ/NIVEL 3/BDD no Relacional/Proyecto Final/SportHub/venv/lib/python3.14/site-packages/django/views/generic/base.py", line 106, in view
    return self.dispatch(request, *args, **kwargs)
           ~~~~~~~~~~~~~^^^^^^^^^^^^^^^^^^^^^^^^^^
  File "/Users/santiago/Library/Mobile Documents/com~apple~CloudDocs/ITQ/NIVEL 3/BDD no Relacional/Proyecto Final/SportHub/venv/lib/python3.14/site-packages/rest_framework/views.py", line 515, in dispatch
    response = self.handle_exception(exc)
  File "/Users/santiago/Library/Mobile Documents/com~apple~CloudDocs/ITQ/NIVEL 3/BDD no Relacional/Proyecto Final/SportHub/venv/lib/python3.14/site-packages/rest_framework/views.py", line 475, in handle_exception
    self.raise_uncaught_exception(exc)
    ~~~~~~~~~~~~~~~~~~~~~~~~~~~~~^^^^^
  File "/Users/santiago/Library/Mobile Documents/com~apple~CloudDocs/ITQ/NIVEL 3/BDD no Relacional/Proyecto Final/SportHub/venv/lib/python3.14/site-packages/rest_framework/views.py", line 486, in raise_uncaught_exception
    raise exc
  File "/Users/santiago/Library/Mobile Documents/com~apple~CloudDocs/ITQ/NIVEL 3/BDD no Relacional/Proyecto Final/SportHub/venv/lib/python3.14/site-packages/rest_framework/views.py", line 512, in dispatch
    response = handler(request, *args, **kwargs)
  File "/Users/santiago/Library/Mobile Documents/com~apple~CloudDocs/ITQ/NIVEL 3/BDD no Relacional/Proyecto Final/SportHub/core/api/views.py", line 450, in get
    return Response(serializer.data, status=200)
                    ^^^^^^^^^^^^^^^
  File "/Users/santiago/Library/Mobile Documents/com~apple~CloudDocs/ITQ/NIVEL 3/BDD no Relacional/Proyecto Final/SportHub/venv/lib/python3.14/site-packages/rest_framework/serializers.py", line 809, in data
    ret = super().data
          ^^^^^^^^^^^^
  File "/Users/santiago/Library/Mobile Documents/com~apple~CloudDocs/ITQ/NIVEL 3/BDD no Relacional/Proyecto Final/SportHub/venv/lib/python3.14/site-packages/rest_framework/serializers.py", line 251, in data
    self._data = self.to_representation(self.instance)
                 ~~~~~~~~~~~~~~~~~~~~~~^^^^^^^^^^^^^^^
  File "/Users/santiago/Library/Mobile Documents/com~apple~CloudDocs/ITQ/NIVEL 3/BDD no Relacional/Proyecto Final/SportHub/venv/lib/python3.14/site-packages/rest_framework/serializers.py", line 728, in to_representation
    self.child.to_representation(item) for item in iterable
    ~~~~~~~~~~~~~~~~~~~~~~~~~~~~^^^^^^
  File "/Users/santiago/Library/Mobile Documents/com~apple~CloudDocs/ITQ/NIVEL 3/BDD no Relacional/Proyecto Final/SportHub/venv/lib/python3.14/site-packages/rest_framework/serializers.py", line 552, in to_representation
    ret[field.field_name] = field.to_representation(attribute)
                            ~~~~~~~~~~~~~~~~~~~~~~~^^^^^^^^^^^
  File "/Users/santiago/Library/Mobile Documents/com~apple~CloudDocs/ITQ/NIVEL 3/BDD no Relacional/Proyecto Final/SportHub/venv/lib/python3.14/site-packages/rest_framework/fields.py", line 1928, in to_representation
    method = getattr(self.parent, self.method_name)
AttributeError: 'PostSerializer' object has no attribute 'get_user_has_rated'
----------------------------------------

--- FATAL ERROR AT /api/feed/ ---
Traceback (most recent call last):
  File "/Users/santiago/Library/Mobile Documents/com~apple~CloudDocs/ITQ/NIVEL 3/BDD no Relacional/Proyecto Final/SportHub/venv/lib/python3.14/site-packages/asgiref/sync.py", line 557, in thread_handler
    raise exc_info[1]
  File "/Users/santiago/Library/Mobile Documents/com~apple~CloudDocs/ITQ/NIVEL 3/BDD no Relacional/Proyecto Final/SportHub/venv/lib/python3.14/site-packages/django/core/handlers/base.py", line 254, in _get_response_async
    response = await wrapped_callback(
               ^^^^^^^^^^^^^^^^^^^^^^^
        request, *callback_args, **callback_kwargs
        ^^^^^^^^^^^^^^^^^^^^^^^^^^^^^^^^^^^^^^^^^^
    )
    ^
  File "/Users/santiago/Library/Mobile Documents/com~apple~CloudDocs/ITQ/NIVEL 3/BDD no Relacional/Proyecto Final/SportHub/venv/lib/python3.14/site-packages/asgiref/sync.py", line 506, in __call__
    ret = await asyncio.shield(exec_coro)
          ^^^^^^^^^^^^^^^^^^^^^^^^^^^^^^^
  File "/Library/Frameworks/Python.framework/Versions/3.14/lib/python3.14/concurrent/futures/thread.py", line 86, in run
    result = ctx.run(self.task)
  File "/Library/Frameworks/Python.framework/Versions/3.14/lib/python3.14/concurrent/futures/thread.py", line 73, in run
    return fn(*args, **kwargs)
  File "/Users/santiago/Library/Mobile Documents/com~apple~CloudDocs/ITQ/NIVEL 3/BDD no Relacional/Proyecto Final/SportHub/venv/lib/python3.14/site-packages/asgiref/sync.py", line 561, in thread_handler
    return func(*args, **kwargs)
  File "/Users/santiago/Library/Mobile Documents/com~apple~CloudDocs/ITQ/NIVEL 3/BDD no Relacional/Proyecto Final/SportHub/venv/lib/python3.14/site-packages/django/views/decorators/csrf.py", line 65, in _view_wrapper
    return view_func(request, *args, **kwargs)
  File "/Users/santiago/Library/Mobile Documents/com~apple~CloudDocs/ITQ/NIVEL 3/BDD no Relacional/Proyecto Final/SportHub/venv/lib/python3.14/site-packages/django/views/generic/base.py", line 106, in view
    return self.dispatch(request, *args, **kwargs)
           ~~~~~~~~~~~~~^^^^^^^^^^^^^^^^^^^^^^^^^^
  File "/Users/santiago/Library/Mobile Documents/com~apple~CloudDocs/ITQ/NIVEL 3/BDD no Relacional/Proyecto Final/SportHub/venv/lib/python3.14/site-packages/rest_framework/views.py", line 515, in dispatch
    response = self.handle_exception(exc)
  File "/Users/santiago/Library/Mobile Documents/com~apple~CloudDocs/ITQ/NIVEL 3/BDD no Relacional/Proyecto Final/SportHub/venv/lib/python3.14/site-packages/rest_framework/views.py", line 475, in handle_exception
    self.raise_uncaught_exception(exc)
    ~~~~~~~~~~~~~~~~~~~~~~~~~~~~~^^^^^
  File "/Users/santiago/Library/Mobile Documents/com~apple~CloudDocs/ITQ/NIVEL 3/BDD no Relacional/Proyecto Final/SportHub/venv/lib/python3.14/site-packages/rest_framework/views.py", line 486, in raise_uncaught_exception
    raise exc
  File "/Users/santiago/Library/Mobile Documents/com~apple~CloudDocs/ITQ/NIVEL 3/BDD no Relacional/Proyecto Final/SportHub/venv/lib/python3.14/site-packages/rest_framework/views.py", line 512, in dispatch
    response = handler(request, *args, **kwargs)
  File "/Users/santiago/Library/Mobile Documents/com~apple~CloudDocs/ITQ/NIVEL 3/BDD no Relacional/Proyecto Final/SportHub/core/api/views.py", line 450, in get
    return Response(serializer.data, status=200)
                    ^^^^^^^^^^^^^^^
  File "/Users/santiago/Library/Mobile Documents/com~apple~CloudDocs/ITQ/NIVEL 3/BDD no Relacional/Proyecto Final/SportHub/venv/lib/python3.14/site-packages/rest_framework/serializers.py", line 809, in data
    ret = super().data
          ^^^^^^^^^^^^
  File "/Users/santiago/Library/Mobile Documents/com~apple~CloudDocs/ITQ/NIVEL 3/BDD no Relacional/Proyecto Final/SportHub/venv/lib/python3.14/site-packages/rest_framework/serializers.py", line 251, in data
    self._data = self.to_representation(self.instance)
                 ~~~~~~~~~~~~~~~~~~~~~~^^^^^^^^^^^^^^^
  File "/Users/santiago/Library/Mobile Documents/com~apple~CloudDocs/ITQ/NIVEL 3/BDD no Relacional/Proyecto Final/SportHub/venv/lib/python3.14/site-packages/rest_framework/serializers.py", line 728, in to_representation
    self.child.to_representation(item) for item in iterable
    ~~~~~~~~~~~~~~~~~~~~~~~~~~~~^^^^^^
  File "/Users/santiago/Library/Mobile Documents/com~apple~CloudDocs/ITQ/NIVEL 3/BDD no Relacional/Proyecto Final/SportHub/venv/lib/python3.14/site-packages/rest_framework/serializers.py", line 552, in to_representation
    ret[field.field_name] = field.to_representation(attribute)
                            ~~~~~~~~~~~~~~~~~~~~~~~^^^^^^^^^^^
  File "/Users/santiago/Library/Mobile Documents/com~apple~CloudDocs/ITQ/NIVEL 3/BDD no Relacional/Proyecto Final/SportHub/venv/lib/python3.14/site-packages/rest_framework/fields.py", line 1928, in to_representation
    method = getattr(self.parent, self.method_name)
AttributeError: 'PostSerializer' object has no attribute 'get_user_has_rated'
----------------------------------------

--- FATAL ERROR AT /api/profile/ ---
Traceback (most recent call last):
  File "/Users/santiago/Library/Mobile Documents/com~apple~CloudDocs/ITQ/NIVEL 3/BDD no Relacional/Proyecto Final/SportHub/venv/lib/python3.14/site-packages/asgiref/sync.py", line 557, in thread_handler
    raise exc_info[1]
  File "/Users/santiago/Library/Mobile Documents/com~apple~CloudDocs/ITQ/NIVEL 3/BDD no Relacional/Proyecto Final/SportHub/venv/lib/python3.14/site-packages/django/core/handlers/base.py", line 254, in _get_response_async
    response = await wrapped_callback(
               ^^^^^^^^^^^^^^^^^^^^^^^
        request, *callback_args, **callback_kwargs
        ^^^^^^^^^^^^^^^^^^^^^^^^^^^^^^^^^^^^^^^^^^
    )
    ^
  File "/Users/santiago/Library/Mobile Documents/com~apple~CloudDocs/ITQ/NIVEL 3/BDD no Relacional/Proyecto Final/SportHub/venv/lib/python3.14/site-packages/asgiref/sync.py", line 506, in __call__
    ret = await asyncio.shield(exec_coro)
          ^^^^^^^^^^^^^^^^^^^^^^^^^^^^^^^
  File "/Library/Frameworks/Python.framework/Versions/3.14/lib/python3.14/concurrent/futures/thread.py", line 86, in run
    result = ctx.run(self.task)
  File "/Library/Frameworks/Python.framework/Versions/3.14/lib/python3.14/concurrent/futures/thread.py", line 73, in run
    return fn(*args, **kwargs)
  File "/Users/santiago/Library/Mobile Documents/com~apple~CloudDocs/ITQ/NIVEL 3/BDD no Relacional/Proyecto Final/SportHub/venv/lib/python3.14/site-packages/asgiref/sync.py", line 561, in thread_handler
    return func(*args, **kwargs)
  File "/Users/santiago/Library/Mobile Documents/com~apple~CloudDocs/ITQ/NIVEL 3/BDD no Relacional/Proyecto Final/SportHub/venv/lib/python3.14/site-packages/django/views/decorators/csrf.py", line 65, in _view_wrapper
    return view_func(request, *args, **kwargs)
  File "/Users/santiago/Library/Mobile Documents/com~apple~CloudDocs/ITQ/NIVEL 3/BDD no Relacional/Proyecto Final/SportHub/venv/lib/python3.14/site-packages/django/views/generic/base.py", line 106, in view
    return self.dispatch(request, *args, **kwargs)
           ~~~~~~~~~~~~~^^^^^^^^^^^^^^^^^^^^^^^^^^
  File "/Users/santiago/Library/Mobile Documents/com~apple~CloudDocs/ITQ/NIVEL 3/BDD no Relacional/Proyecto Final/SportHub/venv/lib/python3.14/site-packages/rest_framework/views.py", line 515, in dispatch
    response = self.handle_exception(exc)
  File "/Users/santiago/Library/Mobile Documents/com~apple~CloudDocs/ITQ/NIVEL 3/BDD no Relacional/Proyecto Final/SportHub/venv/lib/python3.14/site-packages/rest_framework/views.py", line 475, in handle_exception
    self.raise_uncaught_exception(exc)
    ~~~~~~~~~~~~~~~~~~~~~~~~~~~~~^^^^^
  File "/Users/santiago/Library/Mobile Documents/com~apple~CloudDocs/ITQ/NIVEL 3/BDD no Relacional/Proyecto Final/SportHub/venv/lib/python3.14/site-packages/rest_framework/views.py", line 486, in raise_uncaught_exception
    raise exc
  File "/Users/santiago/Library/Mobile Documents/com~apple~CloudDocs/ITQ/NIVEL 3/BDD no Relacional/Proyecto Final/SportHub/venv/lib/python3.14/site-packages/rest_framework/views.py", line 512, in dispatch
    response = handler(request, *args, **kwargs)
  File "/Users/santiago/Library/Mobile Documents/com~apple~CloudDocs/ITQ/NIVEL 3/BDD no Relacional/Proyecto Final/SportHub/core/api/views.py", line 510, in get
    user_data['posts'] = PostSerializer(posts, many=True, context={'request': request}).data
                         ^^^^^^^^^^^^^^^^^^^^^^^^^^^^^^^^^^^^^^^^^^^^^^^^^^^^^^^^^^^^^^^^^^^
  File "/Users/santiago/Library/Mobile Documents/com~apple~CloudDocs/ITQ/NIVEL 3/BDD no Relacional/Proyecto Final/SportHub/venv/lib/python3.14/site-packages/rest_framework/serializers.py", line 809, in data
    ret = super().data
          ^^^^^^^^^^^^
  File "/Users/santiago/Library/Mobile Documents/com~apple~CloudDocs/ITQ/NIVEL 3/BDD no Relacional/Proyecto Final/SportHub/venv/lib/python3.14/site-packages/rest_framework/serializers.py", line 251, in data
    self._data = self.to_representation(self.instance)
                 ~~~~~~~~~~~~~~~~~~~~~~^^^^^^^^^^^^^^^
  File "/Users/santiago/Library/Mobile Documents/com~apple~CloudDocs/ITQ/NIVEL 3/BDD no Relacional/Proyecto Final/SportHub/venv/lib/python3.14/site-packages/rest_framework/serializers.py", line 728, in to_representation
    self.child.to_representation(item) for item in iterable
    ~~~~~~~~~~~~~~~~~~~~~~~~~~~~^^^^^^
  File "/Users/santiago/Library/Mobile Documents/com~apple~CloudDocs/ITQ/NIVEL 3/BDD no Relacional/Proyecto Final/SportHub/venv/lib/python3.14/site-packages/rest_framework/serializers.py", line 552, in to_representation
    ret[field.field_name] = field.to_representation(attribute)
                            ~~~~~~~~~~~~~~~~~~~~~~~^^^^^^^^^^^
  File "/Users/santiago/Library/Mobile Documents/com~apple~CloudDocs/ITQ/NIVEL 3/BDD no Relacional/Proyecto Final/SportHub/venv/lib/python3.14/site-packages/rest_framework/fields.py", line 1928, in to_representation
    method = getattr(self.parent, self.method_name)
AttributeError: 'PostSerializer' object has no attribute 'get_user_has_rated'
----------------------------------------

--- FATAL ERROR AT /media/posts/El legado de los Dutton sigue vivo… y esta historia recién comienza 🔥Descubre la nueva serie de.mp4 ---
Traceback (most recent call last):
  File "/Users/santiago/Library/Mobile Documents/com~apple~CloudDocs/ITQ/NIVEL 3/BDD no Relacional/Proyecto Final/SportHub/venv/lib/python3.14/site-packages/asgiref/sync.py", line 557, in thread_handler
    raise exc_info[1]
  File "/Users/santiago/Library/Mobile Documents/com~apple~CloudDocs/ITQ/NIVEL 3/BDD no Relacional/Proyecto Final/SportHub/venv/lib/python3.14/site-packages/django/core/handlers/base.py", line 254, in _get_response_async
    response = await wrapped_callback(
               ^^^^^^^^^^^^^^^^^^^^^^^
        request, *callback_args, **callback_kwargs
        ^^^^^^^^^^^^^^^^^^^^^^^^^^^^^^^^^^^^^^^^^^
    )
    ^
  File "/Users/santiago/Library/Mobile Documents/com~apple~CloudDocs/ITQ/NIVEL 3/BDD no Relacional/Proyecto Final/SportHub/venv/lib/python3.14/site-packages/asgiref/sync.py", line 506, in __call__
    ret = await asyncio.shield(exec_coro)
          ^^^^^^^^^^^^^^^^^^^^^^^^^^^^^^^
  File "/Library/Frameworks/Python.framework/Versions/3.14/lib/python3.14/concurrent/futures/thread.py", line 86, in run
    result = ctx.run(self.task)
  File "/Library/Frameworks/Python.framework/Versions/3.14/lib/python3.14/concurrent/futures/thread.py", line 73, in run
    return fn(*args, **kwargs)
  File "/Users/santiago/Library/Mobile Documents/com~apple~CloudDocs/ITQ/NIVEL 3/BDD no Relacional/Proyecto Final/SportHub/venv/lib/python3.14/site-packages/asgiref/sync.py", line 561, in thread_handler
    return func(*args, **kwargs)
  File "/Users/santiago/Library/Mobile Documents/com~apple~CloudDocs/ITQ/NIVEL 3/BDD no Relacional/Proyecto Final/SportHub/venv/lib/python3.14/site-packages/django/views/static.py", line 51, in serve
    raise Http404(_("“%(path)s” does not exist") % {"path": fullpath})
django.http.response.Http404: “/Users/santiago/Library/Mobile Documents/com~apple~CloudDocs/ITQ/NIVEL 3/BDD no Relacional/Proyecto Final/SportHub/media/posts/El legado de los Dutton sigue vivo… y esta historia recién comienza 🔥Descubre la nueva serie de.mp4” does not exist
----------------------------------------

--- FATAL ERROR AT /media/posts/El legado de los Dutton sigue vivo… y esta historia recién comienza 🔥Descubre la nueva serie de.mp4 ---
Traceback (most recent call last):
  File "/Users/santiago/Library/Mobile Documents/com~apple~CloudDocs/ITQ/NIVEL 3/BDD no Relacional/Proyecto Final/SportHub/venv/lib/python3.14/site-packages/asgiref/sync.py", line 557, in thread_handler
    raise exc_info[1]
  File "/Users/santiago/Library/Mobile Documents/com~apple~CloudDocs/ITQ/NIVEL 3/BDD no Relacional/Proyecto Final/SportHub/venv/lib/python3.14/site-packages/django/core/handlers/base.py", line 254, in _get_response_async
    response = await wrapped_callback(
               ^^^^^^^^^^^^^^^^^^^^^^^
        request, *callback_args, **callback_kwargs
        ^^^^^^^^^^^^^^^^^^^^^^^^^^^^^^^^^^^^^^^^^^
    )
    ^
  File "/Users/santiago/Library/Mobile Documents/com~apple~CloudDocs/ITQ/NIVEL 3/BDD no Relacional/Proyecto Final/SportHub/venv/lib/python3.14/site-packages/asgiref/sync.py", line 506, in __call__
    ret = await asyncio.shield(exec_coro)
          ^^^^^^^^^^^^^^^^^^^^^^^^^^^^^^^
  File "/Library/Frameworks/Python.framework/Versions/3.14/lib/python3.14/concurrent/futures/thread.py", line 86, in run
    result = ctx.run(self.task)
  File "/Library/Frameworks/Python.framework/Versions/3.14/lib/python3.14/concurrent/futures/thread.py", line 73, in run
    return fn(*args, **kwargs)
  File "/Users/santiago/Library/Mobile Documents/com~apple~CloudDocs/ITQ/NIVEL 3/BDD no Relacional/Proyecto Final/SportHub/venv/lib/python3.14/site-packages/asgiref/sync.py", line 561, in thread_handler
    return func(*args, **kwargs)
  File "/Users/santiago/Library/Mobile Documents/com~apple~CloudDocs/ITQ/NIVEL 3/BDD no Relacional/Proyecto Final/SportHub/venv/lib/python3.14/site-packages/django/views/static.py", line 51, in serve
    raise Http404(_("“%(path)s” does not exist") % {"path": fullpath})
django.http.response.Http404: “/Users/santiago/Library/Mobile Documents/com~apple~CloudDocs/ITQ/NIVEL 3/BDD no Relacional/Proyecto Final/SportHub/media/posts/El legado de los Dutton sigue vivo… y esta historia recién comienza 🔥Descubre la nueva serie de.mp4” does not exist
----------------------------------------

--- FATAL ERROR AT /media/posts/El legado de los Dutton sigue vivo… y esta historia recién comienza 🔥Descubre la nueva serie de.mp4 ---
Traceback (most recent call last):
  File "/Users/santiago/Library/Mobile Documents/com~apple~CloudDocs/ITQ/NIVEL 3/BDD no Relacional/Proyecto Final/SportHub/venv/lib/python3.14/site-packages/asgiref/sync.py", line 557, in thread_handler
    raise exc_info[1]
  File "/Users/santiago/Library/Mobile Documents/com~apple~CloudDocs/ITQ/NIVEL 3/BDD no Relacional/Proyecto Final/SportHub/venv/lib/python3.14/site-packages/django/core/handlers/base.py", line 254, in _get_response_async
    response = await wrapped_callback(
               ^^^^^^^^^^^^^^^^^^^^^^^
        request, *callback_args, **callback_kwargs
        ^^^^^^^^^^^^^^^^^^^^^^^^^^^^^^^^^^^^^^^^^^
    )
    ^
  File "/Users/santiago/Library/Mobile Documents/com~apple~CloudDocs/ITQ/NIVEL 3/BDD no Relacional/Proyecto Final/SportHub/venv/lib/python3.14/site-packages/asgiref/sync.py", line 506, in __call__
    ret = await asyncio.shield(exec_coro)
          ^^^^^^^^^^^^^^^^^^^^^^^^^^^^^^^
  File "/Library/Frameworks/Python.framework/Versions/3.14/lib/python3.14/concurrent/futures/thread.py", line 86, in run
    result = ctx.run(self.task)
  File "/Library/Frameworks/Python.framework/Versions/3.14/lib/python3.14/concurrent/futures/thread.py", line 73, in run
    return fn(*args, **kwargs)
  File "/Users/santiago/Library/Mobile Documents/com~apple~CloudDocs/ITQ/NIVEL 3/BDD no Relacional/Proyecto Final/SportHub/venv/lib/python3.14/site-packages/asgiref/sync.py", line 561, in thread_handler
    return func(*args, **kwargs)
  File "/Users/santiago/Library/Mobile Documents/com~apple~CloudDocs/ITQ/NIVEL 3/BDD no Relacional/Proyecto Final/SportHub/venv/lib/python3.14/site-packages/django/views/static.py", line 51, in serve
    raise Http404(_("“%(path)s” does not exist") % {"path": fullpath})
django.http.response.Http404: “/Users/santiago/Library/Mobile Documents/com~apple~CloudDocs/ITQ/NIVEL 3/BDD no Relacional/Proyecto Final/SportHub/media/posts/El legado de los Dutton sigue vivo… y esta historia recién comienza 🔥Descubre la nueva serie de.mp4” does not exist
----------------------------------------

--- FATAL ERROR AT /media/posts/El legado de los Dutton sigue vivo… y esta historia recién comienza 🔥Descubre la nueva serie de.mp4 ---
Traceback (most recent call last):
  File "/Users/santiago/Library/Mobile Documents/com~apple~CloudDocs/ITQ/NIVEL 3/BDD no Relacional/Proyecto Final/SportHub/venv/lib/python3.14/site-packages/asgiref/sync.py", line 557, in thread_handler
    raise exc_info[1]
  File "/Users/santiago/Library/Mobile Documents/com~apple~CloudDocs/ITQ/NIVEL 3/BDD no Relacional/Proyecto Final/SportHub/venv/lib/python3.14/site-packages/django/core/handlers/base.py", line 254, in _get_response_async
    response = await wrapped_callback(
               ^^^^^^^^^^^^^^^^^^^^^^^
        request, *callback_args, **callback_kwargs
        ^^^^^^^^^^^^^^^^^^^^^^^^^^^^^^^^^^^^^^^^^^
    )
    ^
  File "/Users/santiago/Library/Mobile Documents/com~apple~CloudDocs/ITQ/NIVEL 3/BDD no Relacional/Proyecto Final/SportHub/venv/lib/python3.14/site-packages/asgiref/sync.py", line 506, in __call__
    ret = await asyncio.shield(exec_coro)
          ^^^^^^^^^^^^^^^^^^^^^^^^^^^^^^^
  File "/Library/Frameworks/Python.framework/Versions/3.14/lib/python3.14/concurrent/futures/thread.py", line 86, in run
    result = ctx.run(self.task)
  File "/Library/Frameworks/Python.framework/Versions/3.14/lib/python3.14/concurrent/futures/thread.py", line 73, in run
    return fn(*args, **kwargs)
  File "/Users/santiago/Library/Mobile Documents/com~apple~CloudDocs/ITQ/NIVEL 3/BDD no Relacional/Proyecto Final/SportHub/venv/lib/python3.14/site-packages/asgiref/sync.py", line 561, in thread_handler
    return func(*args, **kwargs)
  File "/Users/santiago/Library/Mobile Documents/com~apple~CloudDocs/ITQ/NIVEL 3/BDD no Relacional/Proyecto Final/SportHub/venv/lib/python3.14/site-packages/django/views/static.py", line 51, in serve
    raise Http404(_("“%(path)s” does not exist") % {"path": fullpath})
django.http.response.Http404: “/Users/santiago/Library/Mobile Documents/com~apple~CloudDocs/ITQ/NIVEL 3/BDD no Relacional/Proyecto Final/SportHub/media/posts/El legado de los Dutton sigue vivo… y esta historia recién comienza 🔥Descubre la nueva serie de.mp4” does not exist
----------------------------------------

--- FATAL ERROR AT /media/posts/El legado de los Dutton sigue vivo… y esta historia recién comienza 🔥Descubre la nueva serie de.mp4 ---
Traceback (most recent call last):
  File "/Users/santiago/Library/Mobile Documents/com~apple~CloudDocs/ITQ/NIVEL 3/BDD no Relacional/Proyecto Final/SportHub/venv/lib/python3.14/site-packages/asgiref/sync.py", line 557, in thread_handler
    raise exc_info[1]
  File "/Users/santiago/Library/Mobile Documents/com~apple~CloudDocs/ITQ/NIVEL 3/BDD no Relacional/Proyecto Final/SportHub/venv/lib/python3.14/site-packages/django/core/handlers/base.py", line 254, in _get_response_async
    response = await wrapped_callback(
               ^^^^^^^^^^^^^^^^^^^^^^^
        request, *callback_args, **callback_kwargs
        ^^^^^^^^^^^^^^^^^^^^^^^^^^^^^^^^^^^^^^^^^^
    )
    ^
  File "/Users/santiago/Library/Mobile Documents/com~apple~CloudDocs/ITQ/NIVEL 3/BDD no Relacional/Proyecto Final/SportHub/venv/lib/python3.14/site-packages/asgiref/sync.py", line 506, in __call__
    ret = await asyncio.shield(exec_coro)
          ^^^^^^^^^^^^^^^^^^^^^^^^^^^^^^^
  File "/Library/Frameworks/Python.framework/Versions/3.14/lib/python3.14/concurrent/futures/thread.py", line 86, in run
    result = ctx.run(self.task)
  File "/Library/Frameworks/Python.framework/Versions/3.14/lib/python3.14/concurrent/futures/thread.py", line 73, in run
    return fn(*args, **kwargs)
  File "/Users/santiago/Library/Mobile Documents/com~apple~CloudDocs/ITQ/NIVEL 3/BDD no Relacional/Proyecto Final/SportHub/venv/lib/python3.14/site-packages/asgiref/sync.py", line 561, in thread_handler
    return func(*args, **kwargs)
  File "/Users/santiago/Library/Mobile Documents/com~apple~CloudDocs/ITQ/NIVEL 3/BDD no Relacional/Proyecto Final/SportHub/venv/lib/python3.14/site-packages/django/views/static.py", line 51, in serve
    raise Http404(_("“%(path)s” does not exist") % {"path": fullpath})
django.http.response.Http404: “/Users/santiago/Library/Mobile Documents/com~apple~CloudDocs/ITQ/NIVEL 3/BDD no Relacional/Proyecto Final/SportHub/media/posts/El legado de los Dutton sigue vivo… y esta historia recién comienza 🔥Descubre la nueva serie de.mp4” does not exist
----------------------------------------

--- FATAL ERROR AT /media/posts/El legado de los Dutton sigue vivo… y esta historia recién comienza 🔥Descubre la nueva serie de.mp4 ---
Traceback (most recent call last):
  File "/Users/santiago/Library/Mobile Documents/com~apple~CloudDocs/ITQ/NIVEL 3/BDD no Relacional/Proyecto Final/SportHub/venv/lib/python3.14/site-packages/asgiref/sync.py", line 557, in thread_handler
    raise exc_info[1]
  File "/Users/santiago/Library/Mobile Documents/com~apple~CloudDocs/ITQ/NIVEL 3/BDD no Relacional/Proyecto Final/SportHub/venv/lib/python3.14/site-packages/django/core/handlers/base.py", line 254, in _get_response_async
    response = await wrapped_callback(
               ^^^^^^^^^^^^^^^^^^^^^^^
        request, *callback_args, **callback_kwargs
        ^^^^^^^^^^^^^^^^^^^^^^^^^^^^^^^^^^^^^^^^^^
    )
    ^
  File "/Users/santiago/Library/Mobile Documents/com~apple~CloudDocs/ITQ/NIVEL 3/BDD no Relacional/Proyecto Final/SportHub/venv/lib/python3.14/site-packages/asgiref/sync.py", line 506, in __call__
    ret = await asyncio.shield(exec_coro)
          ^^^^^^^^^^^^^^^^^^^^^^^^^^^^^^^
  File "/Library/Frameworks/Python.framework/Versions/3.14/lib/python3.14/concurrent/futures/thread.py", line 86, in run
    result = ctx.run(self.task)
  File "/Library/Frameworks/Python.framework/Versions/3.14/lib/python3.14/concurrent/futures/thread.py", line 73, in run
    return fn(*args, **kwargs)
  File "/Users/santiago/Library/Mobile Documents/com~apple~CloudDocs/ITQ/NIVEL 3/BDD no Relacional/Proyecto Final/SportHub/venv/lib/python3.14/site-packages/asgiref/sync.py", line 561, in thread_handler
    return func(*args, **kwargs)
  File "/Users/santiago/Library/Mobile Documents/com~apple~CloudDocs/ITQ/NIVEL 3/BDD no Relacional/Proyecto Final/SportHub/venv/lib/python3.14/site-packages/django/views/static.py", line 51, in serve
    raise Http404(_("“%(path)s” does not exist") % {"path": fullpath})
django.http.response.Http404: “/Users/santiago/Library/Mobile Documents/com~apple~CloudDocs/ITQ/NIVEL 3/BDD no Relacional/Proyecto Final/SportHub/media/posts/El legado de los Dutton sigue vivo… y esta historia recién comienza 🔥Descubre la nueva serie de.mp4” does not exist
----------------------------------------

--- FATAL ERROR AT /media/posts/El legado de los Dutton sigue vivo… y esta historia recién comienza 🔥Descubre la nueva serie de.mp4 ---
Traceback (most recent call last):
  File "/Users/santiago/Library/Mobile Documents/com~apple~CloudDocs/ITQ/NIVEL 3/BDD no Relacional/Proyecto Final/SportHub/venv/lib/python3.14/site-packages/asgiref/sync.py", line 557, in thread_handler
    raise exc_info[1]
  File "/Users/santiago/Library/Mobile Documents/com~apple~CloudDocs/ITQ/NIVEL 3/BDD no Relacional/Proyecto Final/SportHub/venv/lib/python3.14/site-packages/django/core/handlers/base.py", line 254, in _get_response_async
    response = await wrapped_callback(
               ^^^^^^^^^^^^^^^^^^^^^^^
        request, *callback_args, **callback_kwargs
        ^^^^^^^^^^^^^^^^^^^^^^^^^^^^^^^^^^^^^^^^^^
    )
    ^
  File "/Users/santiago/Library/Mobile Documents/com~apple~CloudDocs/ITQ/NIVEL 3/BDD no Relacional/Proyecto Final/SportHub/venv/lib/python3.14/site-packages/asgiref/sync.py", line 506, in __call__
    ret = await asyncio.shield(exec_coro)
          ^^^^^^^^^^^^^^^^^^^^^^^^^^^^^^^
  File "/Library/Frameworks/Python.framework/Versions/3.14/lib/python3.14/concurrent/futures/thread.py", line 86, in run
    result = ctx.run(self.task)
  File "/Library/Frameworks/Python.framework/Versions/3.14/lib/python3.14/concurrent/futures/thread.py", line 73, in run
    return fn(*args, **kwargs)
  File "/Users/santiago/Library/Mobile Documents/com~apple~CloudDocs/ITQ/NIVEL 3/BDD no Relacional/Proyecto Final/SportHub/venv/lib/python3.14/site-packages/asgiref/sync.py", line 561, in thread_handler
    return func(*args, **kwargs)
  File "/Users/santiago/Library/Mobile Documents/com~apple~CloudDocs/ITQ/NIVEL 3/BDD no Relacional/Proyecto Final/SportHub/venv/lib/python3.14/site-packages/django/views/static.py", line 51, in serve
    raise Http404(_("“%(path)s” does not exist") % {"path": fullpath})
django.http.response.Http404: “/Users/santiago/Library/Mobile Documents/com~apple~CloudDocs/ITQ/NIVEL 3/BDD no Relacional/Proyecto Final/SportHub/media/posts/El legado de los Dutton sigue vivo… y esta historia recién comienza 🔥Descubre la nueva serie de.mp4” does not exist
----------------------------------------

--- FATAL ERROR AT /media/posts/El legado de los Dutton sigue vivo… y esta historia recién comienza 🔥Descubre la nueva serie de.mp4 ---
Traceback (most recent call last):
  File "/Users/santiago/Library/Mobile Documents/com~apple~CloudDocs/ITQ/NIVEL 3/BDD no Relacional/Proyecto Final/SportHub/venv/lib/python3.14/site-packages/asgiref/sync.py", line 557, in thread_handler
    raise exc_info[1]
  File "/Users/santiago/Library/Mobile Documents/com~apple~CloudDocs/ITQ/NIVEL 3/BDD no Relacional/Proyecto Final/SportHub/venv/lib/python3.14/site-packages/django/core/handlers/base.py", line 254, in _get_response_async
    response = await wrapped_callback(
               ^^^^^^^^^^^^^^^^^^^^^^^
        request, *callback_args, **callback_kwargs
        ^^^^^^^^^^^^^^^^^^^^^^^^^^^^^^^^^^^^^^^^^^
    )
    ^
  File "/Users/santiago/Library/Mobile Documents/com~apple~CloudDocs/ITQ/NIVEL 3/BDD no Relacional/Proyecto Final/SportHub/venv/lib/python3.14/site-packages/asgiref/sync.py", line 506, in __call__
    ret = await asyncio.shield(exec_coro)
          ^^^^^^^^^^^^^^^^^^^^^^^^^^^^^^^
  File "/Library/Frameworks/Python.framework/Versions/3.14/lib/python3.14/concurrent/futures/thread.py", line 86, in run
    result = ctx.run(self.task)
  File "/Library/Frameworks/Python.framework/Versions/3.14/lib/python3.14/concurrent/futures/thread.py", line 73, in run
    return fn(*args, **kwargs)
  File "/Users/santiago/Library/Mobile Documents/com~apple~CloudDocs/ITQ/NIVEL 3/BDD no Relacional/Proyecto Final/SportHub/venv/lib/python3.14/site-packages/asgiref/sync.py", line 561, in thread_handler
    return func(*args, **kwargs)
  File "/Users/santiago/Library/Mobile Documents/com~apple~CloudDocs/ITQ/NIVEL 3/BDD no Relacional/Proyecto Final/SportHub/venv/lib/python3.14/site-packages/django/views/static.py", line 51, in serve
    raise Http404(_("“%(path)s” does not exist") % {"path": fullpath})
django.http.response.Http404: “/Users/santiago/Library/Mobile Documents/com~apple~CloudDocs/ITQ/NIVEL 3/BDD no Relacional/Proyecto Final/SportHub/media/posts/El legado de los Dutton sigue vivo… y esta historia recién comienza 🔥Descubre la nueva serie de.mp4” does not exist
----------------------------------------

--- FATAL ERROR AT /media/posts/El legado de los Dutton sigue vivo… y esta historia recién comienza 🔥Descubre la nueva serie de.mp4 ---
Traceback (most recent call last):
  File "/Users/santiago/Library/Mobile Documents/com~apple~CloudDocs/ITQ/NIVEL 3/BDD no Relacional/Proyecto Final/SportHub/venv/lib/python3.14/site-packages/asgiref/sync.py", line 557, in thread_handler
    raise exc_info[1]
  File "/Users/santiago/Library/Mobile Documents/com~apple~CloudDocs/ITQ/NIVEL 3/BDD no Relacional/Proyecto Final/SportHub/venv/lib/python3.14/site-packages/django/core/handlers/base.py", line 254, in _get_response_async
    response = await wrapped_callback(
               ^^^^^^^^^^^^^^^^^^^^^^^
        request, *callback_args, **callback_kwargs
        ^^^^^^^^^^^^^^^^^^^^^^^^^^^^^^^^^^^^^^^^^^
    )
    ^
  File "/Users/santiago/Library/Mobile Documents/com~apple~CloudDocs/ITQ/NIVEL 3/BDD no Relacional/Proyecto Final/SportHub/venv/lib/python3.14/site-packages/asgiref/sync.py", line 506, in __call__
    ret = await asyncio.shield(exec_coro)
          ^^^^^^^^^^^^^^^^^^^^^^^^^^^^^^^
  File "/Library/Frameworks/Python.framework/Versions/3.14/lib/python3.14/concurrent/futures/thread.py", line 86, in run
    result = ctx.run(self.task)
  File "/Library/Frameworks/Python.framework/Versions/3.14/lib/python3.14/concurrent/futures/thread.py", line 73, in run
    return fn(*args, **kwargs)
  File "/Users/santiago/Library/Mobile Documents/com~apple~CloudDocs/ITQ/NIVEL 3/BDD no Relacional/Proyecto Final/SportHub/venv/lib/python3.14/site-packages/asgiref/sync.py", line 561, in thread_handler
    return func(*args, **kwargs)
  File "/Users/santiago/Library/Mobile Documents/com~apple~CloudDocs/ITQ/NIVEL 3/BDD no Relacional/Proyecto Final/SportHub/venv/lib/python3.14/site-packages/django/views/static.py", line 51, in serve
    raise Http404(_("“%(path)s” does not exist") % {"path": fullpath})
django.http.response.Http404: “/Users/santiago/Library/Mobile Documents/com~apple~CloudDocs/ITQ/NIVEL 3/BDD no Relacional/Proyecto Final/SportHub/media/posts/El legado de los Dutton sigue vivo… y esta historia recién comienza 🔥Descubre la nueva serie de.mp4” does not exist
----------------------------------------

--- FATAL ERROR AT /media/posts/El legado de los Dutton sigue vivo… y esta historia recién comienza 🔥Descubre la nueva serie de.mp4 ---
Traceback (most recent call last):
  File "/Users/santiago/Library/Mobile Documents/com~apple~CloudDocs/ITQ/NIVEL 3/BDD no Relacional/Proyecto Final/SportHub/venv/lib/python3.14/site-packages/asgiref/sync.py", line 557, in thread_handler
    raise exc_info[1]
  File "/Users/santiago/Library/Mobile Documents/com~apple~CloudDocs/ITQ/NIVEL 3/BDD no Relacional/Proyecto Final/SportHub/venv/lib/python3.14/site-packages/django/core/handlers/base.py", line 254, in _get_response_async
    response = await wrapped_callback(
               ^^^^^^^^^^^^^^^^^^^^^^^
        request, *callback_args, **callback_kwargs
        ^^^^^^^^^^^^^^^^^^^^^^^^^^^^^^^^^^^^^^^^^^
    )
    ^
  File "/Users/santiago/Library/Mobile Documents/com~apple~CloudDocs/ITQ/NIVEL 3/BDD no Relacional/Proyecto Final/SportHub/venv/lib/python3.14/site-packages/asgiref/sync.py", line 506, in __call__
    ret = await asyncio.shield(exec_coro)
          ^^^^^^^^^^^^^^^^^^^^^^^^^^^^^^^
  File "/Library/Frameworks/Python.framework/Versions/3.14/lib/python3.14/concurrent/futures/thread.py", line 86, in run
    result = ctx.run(self.task)
  File "/Library/Frameworks/Python.framework/Versions/3.14/lib/python3.14/concurrent/futures/thread.py", line 73, in run
    return fn(*args, **kwargs)
  File "/Users/santiago/Library/Mobile Documents/com~apple~CloudDocs/ITQ/NIVEL 3/BDD no Relacional/Proyecto Final/SportHub/venv/lib/python3.14/site-packages/asgiref/sync.py", line 561, in thread_handler
    return func(*args, **kwargs)
  File "/Users/santiago/Library/Mobile Documents/com~apple~CloudDocs/ITQ/NIVEL 3/BDD no Relacional/Proyecto Final/SportHub/venv/lib/python3.14/site-packages/django/views/static.py", line 51, in serve
    raise Http404(_("“%(path)s” does not exist") % {"path": fullpath})
django.http.response.Http404: “/Users/santiago/Library/Mobile Documents/com~apple~CloudDocs/ITQ/NIVEL 3/BDD no Relacional/Proyecto Final/SportHub/media/posts/El legado de los Dutton sigue vivo… y esta historia recién comienza 🔥Descubre la nueva serie de.mp4” does not exist
----------------------------------------

--- FATAL ERROR AT /media/posts/El legado de los Dutton sigue vivo… y esta historia recién comienza 🔥Descubre la nueva serie de.mp4 ---
Traceback (most recent call last):
  File "/Users/santiago/Library/Mobile Documents/com~apple~CloudDocs/ITQ/NIVEL 3/BDD no Relacional/Proyecto Final/SportHub/venv/lib/python3.14/site-packages/asgiref/sync.py", line 557, in thread_handler
    raise exc_info[1]
  File "/Users/santiago/Library/Mobile Documents/com~apple~CloudDocs/ITQ/NIVEL 3/BDD no Relacional/Proyecto Final/SportHub/venv/lib/python3.14/site-packages/django/core/handlers/base.py", line 254, in _get_response_async
    response = await wrapped_callback(
               ^^^^^^^^^^^^^^^^^^^^^^^
        request, *callback_args, **callback_kwargs
        ^^^^^^^^^^^^^^^^^^^^^^^^^^^^^^^^^^^^^^^^^^
    )
    ^
  File "/Users/santiago/Library/Mobile Documents/com~apple~CloudDocs/ITQ/NIVEL 3/BDD no Relacional/Proyecto Final/SportHub/venv/lib/python3.14/site-packages/asgiref/sync.py", line 506, in __call__
    ret = await asyncio.shield(exec_coro)
          ^^^^^^^^^^^^^^^^^^^^^^^^^^^^^^^
  File "/Library/Frameworks/Python.framework/Versions/3.14/lib/python3.14/concurrent/futures/thread.py", line 86, in run
    result = ctx.run(self.task)
  File "/Library/Frameworks/Python.framework/Versions/3.14/lib/python3.14/concurrent/futures/thread.py", line 73, in run
    return fn(*args, **kwargs)
  File "/Users/santiago/Library/Mobile Documents/com~apple~CloudDocs/ITQ/NIVEL 3/BDD no Relacional/Proyecto Final/SportHub/venv/lib/python3.14/site-packages/asgiref/sync.py", line 561, in thread_handler
    return func(*args, **kwargs)
  File "/Users/santiago/Library/Mobile Documents/com~apple~CloudDocs/ITQ/NIVEL 3/BDD no Relacional/Proyecto Final/SportHub/venv/lib/python3.14/site-packages/django/views/static.py", line 51, in serve
    raise Http404(_("“%(path)s” does not exist") % {"path": fullpath})
django.http.response.Http404: “/Users/santiago/Library/Mobile Documents/com~apple~CloudDocs/ITQ/NIVEL 3/BDD no Relacional/Proyecto Final/SportHub/media/posts/El legado de los Dutton sigue vivo… y esta historia recién comienza 🔥Descubre la nueva serie de.mp4” does not exist
----------------------------------------

--- FATAL ERROR AT /media/posts/El legado de los Dutton sigue vivo… y esta historia recién comienza 🔥Descubre la nueva serie de.mp4 ---
Traceback (most recent call last):
  File "/Users/santiago/Library/Mobile Documents/com~apple~CloudDocs/ITQ/NIVEL 3/BDD no Relacional/Proyecto Final/SportHub/venv/lib/python3.14/site-packages/asgiref/sync.py", line 557, in thread_handler
    raise exc_info[1]
  File "/Users/santiago/Library/Mobile Documents/com~apple~CloudDocs/ITQ/NIVEL 3/BDD no Relacional/Proyecto Final/SportHub/venv/lib/python3.14/site-packages/django/core/handlers/base.py", line 254, in _get_response_async
    response = await wrapped_callback(
               ^^^^^^^^^^^^^^^^^^^^^^^
        request, *callback_args, **callback_kwargs
        ^^^^^^^^^^^^^^^^^^^^^^^^^^^^^^^^^^^^^^^^^^
    )
    ^
  File "/Users/santiago/Library/Mobile Documents/com~apple~CloudDocs/ITQ/NIVEL 3/BDD no Relacional/Proyecto Final/SportHub/venv/lib/python3.14/site-packages/asgiref/sync.py", line 506, in __call__
    ret = await asyncio.shield(exec_coro)
          ^^^^^^^^^^^^^^^^^^^^^^^^^^^^^^^
  File "/Library/Frameworks/Python.framework/Versions/3.14/lib/python3.14/concurrent/futures/thread.py", line 86, in run
    result = ctx.run(self.task)
  File "/Library/Frameworks/Python.framework/Versions/3.14/lib/python3.14/concurrent/futures/thread.py", line 73, in run
    return fn(*args, **kwargs)
  File "/Users/santiago/Library/Mobile Documents/com~apple~CloudDocs/ITQ/NIVEL 3/BDD no Relacional/Proyecto Final/SportHub/venv/lib/python3.14/site-packages/asgiref/sync.py", line 561, in thread_handler
    return func(*args, **kwargs)
  File "/Users/santiago/Library/Mobile Documents/com~apple~CloudDocs/ITQ/NIVEL 3/BDD no Relacional/Proyecto Final/SportHub/venv/lib/python3.14/site-packages/django/views/static.py", line 51, in serve
    raise Http404(_("“%(path)s” does not exist") % {"path": fullpath})
django.http.response.Http404: “/Users/santiago/Library/Mobile Documents/com~apple~CloudDocs/ITQ/NIVEL 3/BDD no Relacional/Proyecto Final/SportHub/media/posts/El legado de los Dutton sigue vivo… y esta historia recién comienza 🔥Descubre la nueva serie de.mp4” does not exist
----------------------------------------

--- FATAL ERROR AT /media/posts/El legado de los Dutton sigue vivo… y esta historia recién comienza 🔥Descubre la nueva serie de.mp4 ---
Traceback (most recent call last):
  File "/Users/santiago/Library/Mobile Documents/com~apple~CloudDocs/ITQ/NIVEL 3/BDD no Relacional/Proyecto Final/SportHub/venv/lib/python3.14/site-packages/asgiref/sync.py", line 557, in thread_handler
    raise exc_info[1]
  File "/Users/santiago/Library/Mobile Documents/com~apple~CloudDocs/ITQ/NIVEL 3/BDD no Relacional/Proyecto Final/SportHub/venv/lib/python3.14/site-packages/django/core/handlers/base.py", line 254, in _get_response_async
    response = await wrapped_callback(
               ^^^^^^^^^^^^^^^^^^^^^^^
        request, *callback_args, **callback_kwargs
        ^^^^^^^^^^^^^^^^^^^^^^^^^^^^^^^^^^^^^^^^^^
    )
    ^
  File "/Users/santiago/Library/Mobile Documents/com~apple~CloudDocs/ITQ/NIVEL 3/BDD no Relacional/Proyecto Final/SportHub/venv/lib/python3.14/site-packages/asgiref/sync.py", line 506, in __call__
    ret = await asyncio.shield(exec_coro)
          ^^^^^^^^^^^^^^^^^^^^^^^^^^^^^^^
  File "/Library/Frameworks/Python.framework/Versions/3.14/lib/python3.14/concurrent/futures/thread.py", line 86, in run
    result = ctx.run(self.task)
  File "/Library/Frameworks/Python.framework/Versions/3.14/lib/python3.14/concurrent/futures/thread.py", line 73, in run
    return fn(*args, **kwargs)
  File "/Users/santiago/Library/Mobile Documents/com~apple~CloudDocs/ITQ/NIVEL 3/BDD no Relacional/Proyecto Final/SportHub/venv/lib/python3.14/site-packages/asgiref/sync.py", line 561, in thread_handler
    return func(*args, **kwargs)
  File "/Users/santiago/Library/Mobile Documents/com~apple~CloudDocs/ITQ/NIVEL 3/BDD no Relacional/Proyecto Final/SportHub/venv/lib/python3.14/site-packages/django/views/static.py", line 51, in serve
    raise Http404(_("“%(path)s” does not exist") % {"path": fullpath})
django.http.response.Http404: “/Users/santiago/Library/Mobile Documents/com~apple~CloudDocs/ITQ/NIVEL 3/BDD no Relacional/Proyecto Final/SportHub/media/posts/El legado de los Dutton sigue vivo… y esta historia recién comienza 🔥Descubre la nueva serie de.mp4” does not exist
----------------------------------------

--- FATAL ERROR AT /media/posts/El legado de los Dutton sigue vivo… y esta historia recién comienza 🔥Descubre la nueva serie de.mp4 ---
Traceback (most recent call last):
  File "/Users/santiago/Library/Mobile Documents/com~apple~CloudDocs/ITQ/NIVEL 3/BDD no Relacional/Proyecto Final/SportHub/venv/lib/python3.14/site-packages/asgiref/sync.py", line 557, in thread_handler
    raise exc_info[1]
  File "/Users/santiago/Library/Mobile Documents/com~apple~CloudDocs/ITQ/NIVEL 3/BDD no Relacional/Proyecto Final/SportHub/venv/lib/python3.14/site-packages/django/core/handlers/base.py", line 254, in _get_response_async
    response = await wrapped_callback(
               ^^^^^^^^^^^^^^^^^^^^^^^
        request, *callback_args, **callback_kwargs
        ^^^^^^^^^^^^^^^^^^^^^^^^^^^^^^^^^^^^^^^^^^
    )
    ^
  File "/Users/santiago/Library/Mobile Documents/com~apple~CloudDocs/ITQ/NIVEL 3/BDD no Relacional/Proyecto Final/SportHub/venv/lib/python3.14/site-packages/asgiref/sync.py", line 506, in __call__
    ret = await asyncio.shield(exec_coro)
          ^^^^^^^^^^^^^^^^^^^^^^^^^^^^^^^
  File "/Library/Frameworks/Python.framework/Versions/3.14/lib/python3.14/concurrent/futures/thread.py", line 86, in run
    result = ctx.run(self.task)
  File "/Library/Frameworks/Python.framework/Versions/3.14/lib/python3.14/concurrent/futures/thread.py", line 73, in run
    return fn(*args, **kwargs)
  File "/Users/santiago/Library/Mobile Documents/com~apple~CloudDocs/ITQ/NIVEL 3/BDD no Relacional/Proyecto Final/SportHub/venv/lib/python3.14/site-packages/asgiref/sync.py", line 561, in thread_handler
    return func(*args, **kwargs)
  File "/Users/santiago/Library/Mobile Documents/com~apple~CloudDocs/ITQ/NIVEL 3/BDD no Relacional/Proyecto Final/SportHub/venv/lib/python3.14/site-packages/django/views/static.py", line 51, in serve
    raise Http404(_("“%(path)s” does not exist") % {"path": fullpath})
django.http.response.Http404: “/Users/santiago/Library/Mobile Documents/com~apple~CloudDocs/ITQ/NIVEL 3/BDD no Relacional/Proyecto Final/SportHub/media/posts/El legado de los Dutton sigue vivo… y esta historia recién comienza 🔥Descubre la nueva serie de.mp4” does not exist
----------------------------------------

--- FATAL ERROR AT /media/posts/El legado de los Dutton sigue vivo… y esta historia recién comienza 🔥Descubre la nueva serie de.mp4 ---
Traceback (most recent call last):
  File "/Users/santiago/Library/Mobile Documents/com~apple~CloudDocs/ITQ/NIVEL 3/BDD no Relacional/Proyecto Final/SportHub/venv/lib/python3.14/site-packages/asgiref/sync.py", line 557, in thread_handler
    raise exc_info[1]
  File "/Users/santiago/Library/Mobile Documents/com~apple~CloudDocs/ITQ/NIVEL 3/BDD no Relacional/Proyecto Final/SportHub/venv/lib/python3.14/site-packages/django/core/handlers/base.py", line 254, in _get_response_async
    response = await wrapped_callback(
               ^^^^^^^^^^^^^^^^^^^^^^^
        request, *callback_args, **callback_kwargs
        ^^^^^^^^^^^^^^^^^^^^^^^^^^^^^^^^^^^^^^^^^^
    )
    ^
  File "/Users/santiago/Library/Mobile Documents/com~apple~CloudDocs/ITQ/NIVEL 3/BDD no Relacional/Proyecto Final/SportHub/venv/lib/python3.14/site-packages/asgiref/sync.py", line 506, in __call__
    ret = await asyncio.shield(exec_coro)
          ^^^^^^^^^^^^^^^^^^^^^^^^^^^^^^^
  File "/Library/Frameworks/Python.framework/Versions/3.14/lib/python3.14/concurrent/futures/thread.py", line 86, in run
    result = ctx.run(self.task)
  File "/Library/Frameworks/Python.framework/Versions/3.14/lib/python3.14/concurrent/futures/thread.py", line 73, in run
    return fn(*args, **kwargs)
  File "/Users/santiago/Library/Mobile Documents/com~apple~CloudDocs/ITQ/NIVEL 3/BDD no Relacional/Proyecto Final/SportHub/venv/lib/python3.14/site-packages/asgiref/sync.py", line 561, in thread_handler
    return func(*args, **kwargs)
  File "/Users/santiago/Library/Mobile Documents/com~apple~CloudDocs/ITQ/NIVEL 3/BDD no Relacional/Proyecto Final/SportHub/venv/lib/python3.14/site-packages/django/views/static.py", line 51, in serve
    raise Http404(_("“%(path)s” does not exist") % {"path": fullpath})
django.http.response.Http404: “/Users/santiago/Library/Mobile Documents/com~apple~CloudDocs/ITQ/NIVEL 3/BDD no Relacional/Proyecto Final/SportHub/media/posts/El legado de los Dutton sigue vivo… y esta historia recién comienza 🔥Descubre la nueva serie de.mp4” does not exist
----------------------------------------

--- FATAL ERROR AT /media/posts/El legado de los Dutton sigue vivo… y esta historia recién comienza 🔥Descubre la nueva serie de.mp4 ---
Traceback (most recent call last):
  File "/Users/santiago/Library/Mobile Documents/com~apple~CloudDocs/ITQ/NIVEL 3/BDD no Relacional/Proyecto Final/SportHub/venv/lib/python3.14/site-packages/asgiref/sync.py", line 557, in thread_handler
    raise exc_info[1]
  File "/Users/santiago/Library/Mobile Documents/com~apple~CloudDocs/ITQ/NIVEL 3/BDD no Relacional/Proyecto Final/SportHub/venv/lib/python3.14/site-packages/django/core/handlers/base.py", line 254, in _get_response_async
    response = await wrapped_callback(
               ^^^^^^^^^^^^^^^^^^^^^^^
        request, *callback_args, **callback_kwargs
        ^^^^^^^^^^^^^^^^^^^^^^^^^^^^^^^^^^^^^^^^^^
    )
    ^
  File "/Users/santiago/Library/Mobile Documents/com~apple~CloudDocs/ITQ/NIVEL 3/BDD no Relacional/Proyecto Final/SportHub/venv/lib/python3.14/site-packages/asgiref/sync.py", line 506, in __call__
    ret = await asyncio.shield(exec_coro)
          ^^^^^^^^^^^^^^^^^^^^^^^^^^^^^^^
  File "/Library/Frameworks/Python.framework/Versions/3.14/lib/python3.14/concurrent/futures/thread.py", line 86, in run
    result = ctx.run(self.task)
  File "/Library/Frameworks/Python.framework/Versions/3.14/lib/python3.14/concurrent/futures/thread.py", line 73, in run
    return fn(*args, **kwargs)
  File "/Users/santiago/Library/Mobile Documents/com~apple~CloudDocs/ITQ/NIVEL 3/BDD no Relacional/Proyecto Final/SportHub/venv/lib/python3.14/site-packages/asgiref/sync.py", line 561, in thread_handler
    return func(*args, **kwargs)
  File "/Users/santiago/Library/Mobile Documents/com~apple~CloudDocs/ITQ/NIVEL 3/BDD no Relacional/Proyecto Final/SportHub/venv/lib/python3.14/site-packages/django/views/static.py", line 51, in serve
    raise Http404(_("“%(path)s” does not exist") % {"path": fullpath})
django.http.response.Http404: “/Users/santiago/Library/Mobile Documents/com~apple~CloudDocs/ITQ/NIVEL 3/BDD no Relacional/Proyecto Final/SportHub/media/posts/El legado de los Dutton sigue vivo… y esta historia recién comienza 🔥Descubre la nueva serie de.mp4” does not exist
----------------------------------------

--- FATAL ERROR AT /media/posts/El legado de los Dutton sigue vivo… y esta historia recién comienza 🔥Descubre la nueva serie de.mp4 ---
Traceback (most recent call last):
  File "/Users/santiago/Library/Mobile Documents/com~apple~CloudDocs/ITQ/NIVEL 3/BDD no Relacional/Proyecto Final/SportHub/venv/lib/python3.14/site-packages/asgiref/sync.py", line 557, in thread_handler
    raise exc_info[1]
  File "/Users/santiago/Library/Mobile Documents/com~apple~CloudDocs/ITQ/NIVEL 3/BDD no Relacional/Proyecto Final/SportHub/venv/lib/python3.14/site-packages/django/core/handlers/base.py", line 254, in _get_response_async
    response = await wrapped_callback(
               ^^^^^^^^^^^^^^^^^^^^^^^
        request, *callback_args, **callback_kwargs
        ^^^^^^^^^^^^^^^^^^^^^^^^^^^^^^^^^^^^^^^^^^
    )
    ^
  File "/Users/santiago/Library/Mobile Documents/com~apple~CloudDocs/ITQ/NIVEL 3/BDD no Relacional/Proyecto Final/SportHub/venv/lib/python3.14/site-packages/asgiref/sync.py", line 506, in __call__
    ret = await asyncio.shield(exec_coro)
          ^^^^^^^^^^^^^^^^^^^^^^^^^^^^^^^
  File "/Library/Frameworks/Python.framework/Versions/3.14/lib/python3.14/concurrent/futures/thread.py", line 86, in run
    result = ctx.run(self.task)
  File "/Library/Frameworks/Python.framework/Versions/3.14/lib/python3.14/concurrent/futures/thread.py", line 73, in run
    return fn(*args, **kwargs)
  File "/Users/santiago/Library/Mobile Documents/com~apple~CloudDocs/ITQ/NIVEL 3/BDD no Relacional/Proyecto Final/SportHub/venv/lib/python3.14/site-packages/asgiref/sync.py", line 561, in thread_handler
    return func(*args, **kwargs)
  File "/Users/santiago/Library/Mobile Documents/com~apple~CloudDocs/ITQ/NIVEL 3/BDD no Relacional/Proyecto Final/SportHub/venv/lib/python3.14/site-packages/django/views/static.py", line 51, in serve
    raise Http404(_("“%(path)s” does not exist") % {"path": fullpath})
django.http.response.Http404: “/Users/santiago/Library/Mobile Documents/com~apple~CloudDocs/ITQ/NIVEL 3/BDD no Relacional/Proyecto Final/SportHub/media/posts/El legado de los Dutton sigue vivo… y esta historia recién comienza 🔥Descubre la nueva serie de.mp4” does not exist
----------------------------------------
